  Renderer.cpp
C:\Users\Alexandr\source\repos\SoftwareRenderer\ThreadPool.h(51,40): warning C4267: return: преобразование из "size_t" в "uint32_t"; возможна потеря данных
C:\Users\Alexandr\source\repos\SoftwareRenderer\Renderer.cpp(30,15): warning C4244: инициализация: преобразование "genFIType" в "int", возможна потеря данных
          with
          [
              genFIType=float
          ]
C:\Users\Alexandr\source\repos\SoftwareRenderer\Renderer.cpp(116,12): warning C4244: инициализация: преобразование "genFIType" в "int", возможна потеря данных
          with
          [
              genFIType=float
          ]
C:\Users\Alexandr\source\repos\SoftwareRenderer\Renderer.cpp(162,65): warning C4244: аргумент: преобразование "float" в "T", возможна потеря данных
          with
          [
              T=glm::i32
          ]
  Создание кода
  5 of 2054 functions ( 0.2%) were compiled, the rest were copied from previous compilation.
    0 functions were new in current compilation
    19 functions had inline decision re-evaluated but remain unchanged
  Создание кода завершено
  SoftwareRenderer.vcxproj -> C:\Users\Alexandr\source\repos\SoftwareRenderer\x64\Release\SoftwareRenderer.exe
