  Input.cpp
  Renderer.cpp
C:\Users\Alexandr\source\repos\SoftwareRenderer\Renderer.cpp(31,15): warning C4244: инициализация: преобразование "genFIType" в "int", возможна потеря данных
          with
          [
              genFIType=float
          ]
C:\Users\Alexandr\source\repos\SoftwareRenderer\Renderer.cpp(112,10): warning C4244: инициализация: преобразование "T" в "float", возможна потеря данных
          with
          [
              T=glm::i32
          ]
C:\Users\Alexandr\source\repos\SoftwareRenderer\Renderer.cpp(113,12): warning C4244: инициализация: преобразование "genFIType" в "int", возможна потеря данных
          with
          [
              genFIType=float
          ]
C:\Users\Alexandr\source\repos\SoftwareRenderer\Renderer.cpp(149,39): warning C4244: аргумент: преобразование "float" в "T", возможна потеря данных
          with
          [
              T=glm::i32
          ]
C:\Users\Alexandr\source\repos\SoftwareRenderer\Renderer.cpp(220,1): warning C4506: нет определения для подставляемой функции "sr::Window &sr::Window::GetInstance(void)"
C:\Users\Alexandr\source\repos\SoftwareRenderer\Renderer.cpp(220,1): warning C4506: нет определения для подставляемой функции "sr::Scene &sr::Scene::GetInstance(void)"
  Scene.cpp
C:\Users\Alexandr\source\repos\SoftwareRenderer\Scene.cpp(51,49): warning C4267: аргумент: преобразование из "size_t" в "glm::vec<3,glm::u32,glm::packed_highp>::length_type"; возможна потеря данных
C:\Users\Alexandr\source\repos\SoftwareRenderer\Scene.cpp(106,1): warning C4506: нет определения для подставляемой функции "sr::Window &sr::Window::GetInstance(void)"
  SoftwareRenderer.cpp
C:\Users\Alexandr\source\repos\SoftwareRenderer\SoftwareRenderer.cpp(929,18): warning C4244: инициализация: преобразование "double" в "float", возможна потеря данных
C:\Users\Alexandr\source\repos\SoftwareRenderer\SoftwareRenderer.cpp(1264,1): warning C4506: нет определения для подставляемой функции "sr::Window &sr::Window::GetInstance(void)"
C:\Users\Alexandr\source\repos\SoftwareRenderer\SoftwareRenderer.cpp(1264,1): warning C4506: нет определения для подставляемой функции "sr::Scene &sr::Scene::GetInstance(void)"
  Structs.cpp
C:\Users\Alexandr\source\repos\SoftwareRenderer\Structs.cpp(85,1): warning C4506: нет определения для подставляемой функции "sr::Window &sr::Window::GetInstance(void)"
C:\Users\Alexandr\source\repos\SoftwareRenderer\Structs.cpp(85,1): warning C4506: нет определения для подставляемой функции "sr::Scene &sr::Scene::GetInstance(void)"
  Utils.cpp
  Window.cpp
C:\Users\Alexandr\source\repos\SoftwareRenderer\Window.cpp(13,32): warning C4244: аргумент: преобразование "WPARAM" в "int", возможна потеря данных
C:\Users\Alexandr\source\repos\SoftwareRenderer\Window.cpp(18,32): warning C4244: аргумент: преобразование "WPARAM" в "int", возможна потеря данных
  Создание кода...
C:\Users\Alexandr\source\repos\SoftwareRenderer\Window.cpp(90): warning C4715: sr::WindowProc: значение возвращается не при всех путях выполнения
C:\Users\Alexandr\source\repos\SoftwareRenderer\SoftwareRenderer.cpp(1179): warning C4715: objl::Loader::Load: значение возвращается не при всех путях выполнения
  SoftwareRenderer.vcxproj -> C:\Users\Alexandr\source\repos\SoftwareRenderer\x64\Debug\SoftwareRenderer.exe
